00:32:16.447 [main] INFO  resources.TestBase - -------- Click Next
00:32:31.061 [main] INFO  resources.TestBase - -------- Type Sender ID
00:32:32.298 [main] INFO  resources.TestBase - -------- Type Subject
00:32:32.711 [main] INFO  resources.TestBase - -------- Type Body
00:32:33.253 [main] INFO  resources.TestBase - -------- Attache the file 
00:32:48.580 [main] INFO  resources.TestBase - -------- Click Send 
00:32:56.895 [main] INFO  resources.TestBase - -------- Type Sender ID
00:32:57.751 [main] INFO  resources.TestBase - -------- Click Next
00:32:57.959 [main] INFO  resources.TestBase - -------- Type Sender password  ID
00:32:58.863 [main] INFO  resources.TestBase - -------- Click Next
00:33:12.888 [main] INFO  resources.TestBase - -------- Email is not found 
00:40:17.265 [main] INFO  resources.TestBase - -------- Type Sender ID
00:40:18.136 [main] INFO  resources.TestBase - -------- Click Next
00:40:18.473 [main] INFO  resources.TestBase - -------- Type Sender password  ID
00:40:19.719 [main] INFO  resources.TestBase - -------- Click Next
00:40:34.265 [main] INFO  resources.TestBase - -------- Email is not found 
00:45:22.503 [main] INFO  resources.TestBase - -------- Type Sender ID
00:45:23.069 [main] INFO  resources.TestBase - -------- Click Next
00:45:23.437 [main] INFO  resources.TestBase - -------- Type Sender password  ID
00:45:24.578 [main] INFO  resources.TestBase - -------- Click Next
00:45:41.137 [main] INFO  resources.TestBase - -------- Email is not found 
00:53:30.582 [main] INFO  resources.TestBase - -------- Type Sender ID
00:53:31.227 [main] INFO  resources.TestBase - -------- Click Next
00:53:31.557 [main] INFO  resources.TestBase - -------- Type Sender password  ID
00:53:32.621 [main] INFO  resources.TestBase - -------- Click Next
00:53:47.775 [main] INFO  resources.TestBase - -------- Email is not found 
00:54:36.586 [main] INFO  resources.TestBase - -------- Type Sender ID
00:54:37.193 [main] INFO  resources.TestBase - -------- Click Next
00:54:37.501 [main] INFO  resources.TestBase - -------- Type Sender password  ID
00:54:38.622 [main] INFO  resources.TestBase - -------- Click Next
00:54:54.394 [main] INFO  resources.TestBase - -------- Email is not found 
00:55:21.419 [main] INFO  resources.TestBase - -------- Type Sender ID
00:55:22.047 [main] INFO  resources.TestBase - -------- Click Next
00:55:22.392 [main] INFO  resources.TestBase - -------- Type Sender password  ID
00:55:23.503 [main] INFO  resources.TestBase - -------- Click Next
00:59:58.151 [main] INFO  resources.TestBase - -------- Email is not found 
01:01:03.517 [main] INFO  resources.TestBase - -------- Type Sender ID
01:01:04.137 [main] INFO  resources.TestBase - -------- Click Next
01:01:04.422 [main] INFO  resources.TestBase - -------- Type Sender password  ID
01:01:05.540 [main] INFO  resources.TestBase - -------- Click Next
01:01:20.961 [main] INFO  resources.TestBase - -------- Email is not found 
01:02:08.092 [main] INFO  resources.TestBase - -------- Type Sender ID
01:02:09.074 [main] INFO  resources.TestBase - -------- Click Next
01:02:09.544 [main] INFO  resources.TestBase - -------- Type Sender password  ID
01:02:10.851 [main] INFO  resources.TestBase - -------- Click Next
01:02:27.833 [main] INFO  resources.TestBase - -------- Email is not found 
01:03:33.162 [main] INFO  resources.TestBase - -------- Type Sender ID
01:03:33.918 [main] INFO  resources.TestBase - -------- Click Next
01:03:34.299 [main] INFO  resources.TestBase - -------- Type Sender password  ID
01:03:35.757 [main] INFO  resources.TestBase - -------- Click Next
01:03:51.126 [main] INFO  resources.TestBase - -------- Email is not found 
01:05:01.698 [main] INFO  resources.TestBase - -------- Type Sender ID
01:05:02.413 [main] INFO  resources.TestBase - -------- Click Next
01:05:02.795 [main] INFO  resources.TestBase - -------- Type Sender password  ID
01:05:04.112 [main] INFO  resources.TestBase - -------- Click Next
01:07:16.917 [main] INFO  resources.TestBase - -------- Type Sender ID
01:07:17.898 [main] INFO  resources.TestBase - -------- Click Next
01:07:18.447 [main] INFO  resources.TestBase - -------- Type Sender password  ID
01:07:19.629 [main] INFO  resources.TestBase - -------- Click Next
01:07:57.218 [main] INFO  resources.TestBase - -------- Email is not found 
08:53:26.821 [main] INFO  resources.TestBase - -------- Type Sender ID
08:53:28.848 [main] INFO  resources.TestBase - -------- Click Next
08:53:29.206 [main] INFO  resources.TestBase - -------- Type Sender password  ID
08:53:30.383 [main] INFO  resources.TestBase - -------- Click Next
08:53:45.878 [main] INFO  resources.TestBase - -------- Email is not found 
08:58:11.480 [main] INFO  resources.TestBase - -------- Type Sender ID
08:58:12.407 [main] INFO  resources.TestBase - -------- Click Next
08:58:12.774 [main] INFO  resources.TestBase - -------- Type Sender password  ID
08:58:14.199 [main] INFO  resources.TestBase - -------- Click Next
