12:22:31.887 [main] INFO  resources.TestBase - login with the sender

12:22:32.018 [main] INFO  resources.TestBase - -------- Type Sender ID
12:22:32.686 [main] INFO  resources.TestBase - -------- Click Next
12:22:33.082 [main] INFO  resources.TestBase - -------- Type Sender password  ID
12:22:35.233 [main] INFO  resources.TestBase - -------- Click Next
12:23:03.486 [main] INFO  resources.TestBase - -------- Email is not found 
13:06:58.266 [main] INFO  resources.TestBase - login with the sender

13:06:58.325 [main] INFO  resources.TestBase - -------- gmailLogin Type gmail ID
13:06:59.995 [main] INFO  resources.TestBase - -------- gmailLogin Click Next
13:07:01.048 [main] INFO  resources.TestBase - --------gmailLogin Type Sender password  ID
13:07:02.998 [main] INFO  resources.TestBase - --------gmailLogin Click Next
13:28:40.852 [main] INFO  resources.TestBase - login with the sender

13:28:40.903 [main] INFO  resources.TestBase - -------- gmailLogin Type gmail ID
13:28:41.354 [main] INFO  resources.TestBase - -------- gmailLogin Click Next
13:28:41.664 [main] INFO  resources.TestBase - --------gmailLogin Type Sender password  ID
13:28:42.993 [main] INFO  resources.TestBase - --------gmailLogin Click Next
13:29:37.477 [main] INFO  resources.TestBase - login with the sender

13:29:37.524 [main] INFO  resources.TestBase - -------- gmailLogin Type gmail ID
13:29:38.122 [main] INFO  resources.TestBase - -------- gmailLogin Click Next
13:29:38.504 [main] INFO  resources.TestBase - --------gmailLogin Type Sender password  ID
13:29:39.750 [main] INFO  resources.TestBase - --------gmailLogin Click Next
13:46:09.125 [main] INFO  resources.TestBase - login with the sender

13:46:09.170 [main] INFO  resources.TestBase - -------- gmailLogin Type gmail ID
13:46:09.606 [main] INFO  resources.TestBase - -------- gmailLogin Click Next
13:46:09.754 [main] INFO  resources.TestBase - --------gmailLogin Type Sender password  ID
13:46:19.594 [main] INFO  resources.TestBase - --------gmailLogin Click Next
14:15:39.689 [main] INFO  resources.TestBase - -------- gmailLogin Type gmail ID
14:15:42.412 [main] INFO  resources.TestBase - -------- gmailLogin Click Next
14:15:42.952 [main] INFO  resources.TestBase - --------gmailLogin Type Sender password  ID
14:15:45.896 [main] INFO  resources.TestBase - --------gmailLogin Click Next
14:16:21.571 [main] INFO  resources.TestBase - -------- Type Sender ID
14:16:25.175 [main] INFO  resources.TestBase - -------- Type Subject
14:16:25.810 [main] INFO  resources.TestBase - -------- Type Body
14:16:26.759 [main] INFO  resources.TestBase - -------- Attache the file 
14:16:57.960 [main] INFO  resources.TestBase - -------- Click Send 
14:17:11.557 [main] INFO  resources.TestBase - -------- Email is not found 
14:35:03.063 [main] INFO  resources.TestBase - -------- gmailLogin Type gmail ID
14:35:04.041 [main] INFO  resources.TestBase - -------- gmailLogin Click Next
14:35:04.520 [main] INFO  resources.TestBase - --------gmailLogin Type Sender password  ID
14:35:06.014 [main] INFO  resources.TestBase - --------gmailLogin Click Next
14:35:24.179 [main] INFO  resources.TestBase - -------- Type Sender ID
14:35:26.255 [main] INFO  resources.TestBase - -------- Type Subject
14:35:28.201 [main] INFO  resources.TestBase - -------- Type Body
14:35:28.780 [main] INFO  resources.TestBase - -------- Attache the file 
14:35:44.212 [main] INFO  resources.TestBase - -------- Click Send 
14:35:47.563 [main] INFO  resources.TestBase - -------- Email is not found 
14:39:58.465 [main] INFO  resources.TestBase - -------- gmailLogin Type gmail ID
14:39:59.060 [main] INFO  resources.TestBase - -------- gmailLogin Click Next
14:39:59.355 [main] INFO  resources.TestBase - --------gmailLogin Type Sender password  ID
14:40:00.666 [main] INFO  resources.TestBase - --------gmailLogin Click Next
14:40:16.542 [main] INFO  resources.TestBase - -------- Type Sender ID
14:40:17.375 [main] INFO  resources.TestBase - -------- Type Subject
14:40:18.431 [main] INFO  resources.TestBase - -------- Type Body
14:40:18.997 [main] INFO  resources.TestBase - -------- Attache the file 
14:40:34.404 [main] INFO  resources.TestBase - -------- Click Send 
14:40:37.791 [main] INFO  resources.TestBase - -------- Email is not found 
20:13:44.455 [main] INFO  resources.TestBase - -------- gmailLogin Type gmail ID
20:13:45.833 [main] INFO  resources.TestBase - -------- gmailLogin Click Next
20:13:46.390 [main] INFO  resources.TestBase - --------gmailLogin Type Sender password  ID
20:13:47.863 [main] INFO  resources.TestBase - --------gmailLogin Click Next
20:14:05.603 [main] INFO  resources.TestBase - -------- Type Sender ID
20:14:07.434 [main] INFO  resources.TestBase - -------- Type Subject
20:14:07.917 [main] INFO  resources.TestBase - -------- Type Body
20:14:08.629 [main] INFO  resources.TestBase - -------- Attache the file 
20:14:33.712 [main] INFO  resources.TestBase - -------- Click Send 
