12:58:16.310 [main] INFO  resources.TestBase - -------- Attache the file 
12:58:31.696 [main] INFO  resources.TestBase - -------- Click Send 
12:58:44.963 [main] INFO  resources.TestBase - -------- Type Sender ID
13:56:14.419 [main] INFO  resources.TestBase - -------- Type Sender ID
13:56:15.006 [main] INFO  resources.TestBase - -------- Click Next
13:56:18.531 [main] INFO  resources.TestBase - -------- Type Sender password  ID
13:56:19.873 [main] INFO  resources.TestBase - -------- Click Next
13:56:43.354 [main] INFO  resources.TestBase - -------- Type Sender ID
13:56:47.115 [main] INFO  resources.TestBase - -------- Type Subject
13:56:48.288 [main] INFO  resources.TestBase - -------- Type Body
13:56:49.470 [main] INFO  resources.TestBase - -------- Attache the file 
13:57:09.942 [main] INFO  resources.TestBase - -------- Click Send 
13:57:28.266 [main] INFO  resources.TestBase - -------- Type Sender ID
14:04:18.173 [main] INFO  resources.TestBase - -------- Type Sender ID
14:04:18.603 [main] INFO  resources.TestBase - -------- Click Next
14:04:18.879 [main] INFO  resources.TestBase - -------- Type Sender password  ID
14:04:20.032 [main] INFO  resources.TestBase - -------- Click Next
14:04:37.447 [main] INFO  resources.TestBase - -------- Type Sender ID
14:04:38.442 [main] INFO  resources.TestBase - -------- Type Subject
14:04:38.971 [main] INFO  resources.TestBase - -------- Type Body
14:04:39.527 [main] INFO  resources.TestBase - -------- Attache the file 
14:04:54.884 [main] INFO  resources.TestBase - -------- Click Send 
14:05:08.174 [main] INFO  resources.TestBase - -------- Type Sender ID
14:14:37.198 [main] INFO  resources.TestBase - -------- Type Sender ID
14:14:37.842 [main] INFO  resources.TestBase - -------- Click Next
14:14:38.261 [main] INFO  resources.TestBase - -------- Type Sender password  ID
14:14:39.497 [main] INFO  resources.TestBase - -------- Click Next
14:15:02.933 [main] INFO  resources.TestBase - -------- Type Sender ID
14:15:04.056 [main] INFO  resources.TestBase - -------- Type Subject
14:15:04.443 [main] INFO  resources.TestBase - -------- Type Body
14:15:04.850 [main] INFO  resources.TestBase - -------- Attache the file 
14:15:20.091 [main] INFO  resources.TestBase - -------- Click Send 
14:15:33.460 [main] INFO  resources.TestBase - -------- Type Sender ID
